app/build/intermediates/manifest_merge_blame_file/debug/manifest-merger-blame-debug-report.txt
1<?xml version="1.0" encoding="utf-8"?>
2<manifest xmlns:android="http://schemas.android.com/apk/res/android"
3    package="com.leia.cnsdkgettingstartedglandroidnative"
4    android:versionCode="1"
5    android:versionName="1.0" >
6
7    <uses-sdk
8        android:minSdkVersion="30"
8-->src\main\AndroidManifest.xml
9        android:targetSdkVersion="30" />
9-->src\main\AndroidManifest.xml
10
11    <uses-permission android:name="android.permission.FOREGROUND_SERVICE" />
11-->[sdk-faceTrackingService-0.7.28.aar] AndroidManifest.xml:9:5-77
11-->[sdk-faceTrackingService-0.7.28.aar] AndroidManifest.xml:9:22-74
12
13    <queries>
13-->[sdk-faceTrackingService-0.7.28.aar] AndroidManifest.xml:11:5-15:15
14        <package android:name="com.leia.headtrackingservice" />
14-->[sdk-faceTrackingService-0.7.28.aar] AndroidManifest.xml:12:9-64
14-->[sdk-faceTrackingService-0.7.28.aar] AndroidManifest.xml:12:18-61
15        <package android:name="com.leia.interlacing.service" />
15-->[sdk-faceTrackingService-0.7.28.aar] AndroidManifest.xml:13:9-64
15-->[sdk-faceTrackingService-0.7.28.aar] AndroidManifest.xml:13:18-61
16        <package android:name="com.leialoft.display.config" />
16-->[sdk-faceTrackingService-0.7.28.aar] AndroidManifest.xml:14:9-63
16-->[sdk-faceTrackingService-0.7.28.aar] AndroidManifest.xml:14:18-60
17    </queries>
18
19    <application
19-->src\main\AndroidManifest.xml:6:5-25:19
20        android:allowBackup="true"
20-->src\main\AndroidManifest.xml:8:9-35
21        android:appComponentFactory="androidx.core.app.CoreComponentFactory"
21-->[androidx.core:core:1.7.0] AndroidManifest.xml:24:18-86
22        android:dataExtractionRules="@xml/data_extraction_rules"
22-->src\main\AndroidManifest.xml:9:9-65
23        android:debuggable="true"
24        android:extractNativeLibs="true"
24-->src\main\AndroidManifest.xml:7:9-41
25        android:fullBackupContent="@xml/backup_rules"
25-->src\main\AndroidManifest.xml:10:9-54
26        android:icon="@mipmap/ic_launcher"
26-->src\main\AndroidManifest.xml:11:9-43
27        android:label="@string/app_name"
27-->src\main\AndroidManifest.xml:12:9-41
28        android:roundIcon="@mipmap/ic_launcher_round"
28-->src\main\AndroidManifest.xml:13:9-54
29        android:supportsRtl="true"
29-->src\main\AndroidManifest.xml:14:9-35
30        android:theme="@style/Theme.CNSDKGettingStartedGLAndroidNative" >
30-->src\main\AndroidManifest.xml:15:9-72
31        <activity
31-->src\main\AndroidManifest.xml:17:9-24:20
32            android:name="com.leia.cnsdkgettingstartedglandroidnative.MainActivity"
32-->src\main\AndroidManifest.xml:18:13-41
33            android:exported="true" >
33-->src\main\AndroidManifest.xml:19:13-36
34            <intent-filter>
34-->src\main\AndroidManifest.xml:20:13-23:29
35                <action android:name="android.intent.action.MAIN" />
35-->src\main\AndroidManifest.xml:21:17-69
35-->src\main\AndroidManifest.xml:21:25-66
36
37                <category android:name="android.intent.category.LAUNCHER" />
37-->src\main\AndroidManifest.xml:22:17-77
37-->src\main\AndroidManifest.xml:22:27-74
38            </intent-filter>
39        </activity>
40        <activity
40-->[sdk-faceTrackingService-0.7.28.aar] AndroidManifest.xml:18:9-21:20
41            android:name="com.leia.sdk.internal.DebugActivity"
41-->[sdk-faceTrackingService-0.7.28.aar] AndroidManifest.xml:19:13-63
42            android:exported="true" >
42-->[sdk-faceTrackingService-0.7.28.aar] AndroidManifest.xml:20:13-36
43        </activity>
44
45        <provider
45-->[androidx.emoji2:emoji2:1.0.0] AndroidManifest.xml:26:9-34:20
46            android:name="androidx.startup.InitializationProvider"
46-->[androidx.emoji2:emoji2:1.0.0] AndroidManifest.xml:27:13-67
47            android:authorities="com.leia.cnsdkgettingstartedglandroidnative.androidx-startup"
47-->[androidx.emoji2:emoji2:1.0.0] AndroidManifest.xml:28:13-68
48            android:exported="false" >
48-->[androidx.emoji2:emoji2:1.0.0] AndroidManifest.xml:29:13-37
49            <meta-data
49-->[androidx.emoji2:emoji2:1.0.0] AndroidManifest.xml:31:13-33:52
50                android:name="androidx.emoji2.text.EmojiCompatInitializer"
50-->[androidx.emoji2:emoji2:1.0.0] AndroidManifest.xml:32:17-75
51                android:value="androidx.startup" />
51-->[androidx.emoji2:emoji2:1.0.0] AndroidManifest.xml:33:17-49
52            <meta-data
52-->[androidx.lifecycle:lifecycle-process:2.4.0] AndroidManifest.xml:31:13-33:52
53                android:name="androidx.lifecycle.ProcessLifecycleInitializer"
53-->[androidx.lifecycle:lifecycle-process:2.4.0] AndroidManifest.xml:32:17-78
54                android:value="androidx.startup" />
54-->[androidx.lifecycle:lifecycle-process:2.4.0] AndroidManifest.xml:33:17-49
55        </provider>
56    </application>
57
58</manifest>